#
# A fatal error has been detected by the Java Runtime Environment:
#
#  EXCEPTION_ACCESS_VIOLATION (0xc0000005) at pc=0x00007ffbc5098859, pid=1028, tid=9380
#
# JRE version: Java(TM) SE Runtime Environment (11.0.6+8) (build 11.0.6+8-LTS)
# Java VM: Java HotSpot(TM) 64-Bit Server VM (11.0.6+8-LTS, mixed mode, tiered, compressed oops, g1 gc, windows-amd64)
# Problematic frame:
# V  [jvm.dll+0x6c8859]
#
# No core dump will be written. Minidumps are not enabled by default on client versions of Windows
#
# If you would like to submit a bug report, please visit:
#   http://bugreport.java.com/bugreport/crash.jsp
#

---------------  S U M M A R Y ------------

Command Line: -Dcom.sun.management.jmxremote -Dcom.sun.management.jmxremote.port=61611 -Dcom.sun.management.jmxremote.authenticate=false -Dcom.sun.management.jmxremote.ssl=false -Djava.rmi.server.hostname=localhost -Dspring.jmx.enabled=true -Dspring.application.admin.enabled=true -Xverify:none -XX:TieredStopAtLevel=1 -Dspring.boot.project.name=cursomc -Dfile.encoding=UTF-8 com.ferrari.cursomc.CursomcApplication --spring.output.ansi.enabled=always

Host: Intel(R) Core(TM) i5-4210U CPU @ 1.70GHz, 4 cores, 7G,  Windows 10 , 64 bit Build 18362 (10.0.18362.778)
Time: Thu Apr 30 15:32:36 2020 Horário de Verão de Greenwich  elapsed time: 1 seconds (0d 0h 0m 1s)

---------------  T H R E A D  ---------------

Current thread (0x00000204acf95000):  WatcherThread [stack: 0x000000f393700000,0x000000f393800000] [id=9380]

Stack: [0x000000f393700000,0x000000f393800000],  sp=0x000000f3937ff810,  free space=1022k
Native frames: (J=compiled Java code, j=interpreted, Vv=VM code, C=native code)
V  [jvm.dll+0x6c8859]
V  [jvm.dll+0x714d0d]
V  [jvm.dll+0x73ab89]
V  [jvm.dll+0x733905]
V  [jvm.dll+0x635846]
C  [ucrtbase.dll+0x20e72]
C  [KERNEL32.DLL+0x17bd4]
C  [ntdll.dll+0x6ce51]


siginfo: EXCEPTION_ACCESS_VIOLATION (0xc0000005), reading address 0x000002040000000f


Register to memory mapping:

RIP=0x00007ffbc5098859 jvm.dll
RAX=0x00000204acf14a70 points into unknown readable memory: 0f 00 00 00 04 02 00 00
RBX=0x0 is NULL
RCX=0x000002040000000f is an unknown value
RDX=0x0000000000000032 is an unknown value
RSP=0x000000f3937ff810 points into unknown readable memory: 00 50 f9 ac 04 02 00 00
RBP=0x0000000000000002 is an unknown value
RSI=0x00000204acf14a80 points into unknown readable memory: 70 b9 f2 ac 04 02 00 00
RDI=0x0 is NULL
R8 =0x0 is NULL
R9 =0x0000020495470b80 is at begin+0 in a stub
StubRoutines::atomic_cmpxchg_long [0x0000020495470b80, 0x0000020495470b89[ (9 bytes)
R10=0x00000000546c6148 is an unknown value
R11=0x000004a9d266a7cc is an unknown value
R12=0x0 is NULL
R13=0x00000204acf95000 points into unknown readable memory: a8 a3 2a c5 fb 7f 00 00
R14=0x0000000000000032 is an unknown value
R15=0x00000204ace0b0d0 points into unknown readable memory: 00 00 00 00 00 00 00 00


Registers:
RAX=0x00000204acf14a70, RBX=0x0000000000000000, RCX=0x000002040000000f, RDX=0x0000000000000032
RSP=0x000000f3937ff810, RBP=0x0000000000000002, RSI=0x00000204acf14a80, RDI=0x0000000000000000
R8 =0x0000000000000000, R9 =0x0000020495470b80, R10=0x00000000546c6148, R11=0x000004a9d266a7cc
R12=0x0000000000000000, R13=0x00000204acf95000, R14=0x0000000000000032, R15=0x00000204ace0b0d0
RIP=0x00007ffbc5098859, EFLAGS=0x0000000000010202

Top of Stack: (sp=0x000000f3937ff810)
0x000000f3937ff810:   00000204acf95000 00000204acf95000
0x000000f3937ff820:   000441a275948588 00007ffbc4fd93a9
0x000000f3937ff830:   00007ffbc54457d8 00007ffbc50e4d0d
0x000000f3937ff840:   0000000000000001 000002048d0fd340
0x000000f3937ff850:   000002048d0fd340 431bde82d7b634db
0x000000f3937ff860:   00000204ace0b0d0 000441a275948588
0x000000f3937ff870:   000002048d0fd340 00007ffbc510ab89
0x000000f3937ff880:   0000000000000001 0000000000000032
0x000000f3937ff890:   0000000000000032 0000000000000002
0x000000f3937ff8a0:   000000f3937ff940 0000000000000000
0x000000f3937ff8b0:   00007ffc1c800000 00007ffc1c8717d3
0x000000f3937ff8c0:   0000000000000000 00007ffc1c800000
0x000000f3937ff8d0:   0000000000000000 000000f391e9a000
0x000000f3937ff8e0:   00000204acf95000 0000000000000000
0x000000f3937ff8f0:   0000000000100000 000000f3937ffd40
0x000000f3937ff900:   000000f393700000 00007ffbc5103905 

Instructions: (pc=0x00007ffbc5098859)
0x00007ffbc5098839:   20 48 8b 35 47 7e 3a 00 33 db 48 8b 06 39 18 7e
0x00007ffbc5098849:   27 48 89 7c 24 30 8b fb 48 8b 40 18 48 8b 0c 07
0x00007ffbc5098859:   48 8b 01 ff 50 08 48 8b 06 48 8d 7f 08 ff c3 3b
0x00007ffbc5098869:   18 7c e5 48 8b 7c 24 30 48 8b 5c 24 38 48 83 c4 


Stack slot to memory mapping:
stack at sp + 0 slots: 0x00000204acf95000 points into unknown readable memory: a8 a3 2a c5 fb 7f 00 00
stack at sp + 1 slots: 0x00000204acf95000 points into unknown readable memory: a8 a3 2a c5 fb 7f 00 00
stack at sp + 2 slots: 0x000441a275948588 is an unknown value
stack at sp + 3 slots: 0x00007ffbc4fd93a9 jvm.dll
stack at sp + 4 slots: 0x00007ffbc54457d8 jvm.dll
stack at sp + 5 slots: 0x00007ffbc50e4d0d jvm.dll
stack at sp + 6 slots: 0x0000000000000001 is an unknown value
stack at sp + 7 slots: 0x000002048d0fd340 points into unknown readable memory: 01 00 00 00 00 00 00 00


---------------  P R O C E S S  ---------------

Threads class SMR info:
_java_thread_list=0x00000204acf2b8b0, length=12, elements={
0x000002048d0fe800, 0x00000204ab4e5800, 0x00000204ab4de800, 0x00000204abe52800,
0x00000204abe53800, 0x00000204ab4fb800, 0x00000204abe57800, 0x00000204ab46b800,
0x00000204ac072800, 0x00000204acf21000, 0x00000204acf0f000, 0x00000204acf88800
}

Java Threads: ( => current thread )
  0x000002048d0fe800 JavaThread "main" [_thread_in_native, id=5424, stack(0x000000f392300000,0x000000f392400000)]
  0x00000204ab4e5800 JavaThread "Reference Handler" daemon [_thread_blocked, id=16676, stack(0x000000f392a00000,0x000000f392b00000)]
  0x00000204ab4de800 JavaThread "Finalizer" daemon [_thread_blocked, id=6088, stack(0x000000f392b00000,0x000000f392c00000)]
  0x00000204abe52800 JavaThread "Signal Dispatcher" daemon [_thread_blocked, id=16320, stack(0x000000f392c00000,0x000000f392d00000)]
  0x00000204abe53800 JavaThread "Attach Listener" daemon [_thread_blocked, id=11196, stack(0x000000f392d00000,0x000000f392e00000)]
  0x00000204ab4fb800 JavaThread "C1 CompilerThread0" daemon [_thread_blocked, id=6492, stack(0x000000f392e00000,0x000000f392f00000)]
  0x00000204abe57800 JavaThread "Sweeper thread" daemon [_thread_blocked, id=10920, stack(0x000000f392f00000,0x000000f393000000)]
  0x00000204ab46b800 JavaThread "Common-Cleaner" daemon [_thread_blocked, id=8596, stack(0x000000f393000000,0x000000f393100000)]
  0x00000204ac072800 JavaThread "Service Thread" daemon [_thread_blocked, id=10972, stack(0x000000f393100000,0x000000f393200000)]
  0x00000204acf21000 JavaThread "RMI TCP Accept-0" daemon [_thread_in_native, id=4736, stack(0x000000f393400000,0x000000f393500000)]
  0x00000204acf0f000 JavaThread "RMI TCP Accept-61611" daemon [_thread_in_native, id=7252, stack(0x000000f393500000,0x000000f393600000)]
  0x00000204acf88800 JavaThread "RMI TCP Accept-0" daemon [_thread_in_native, id=12008, stack(0x000000f393600000,0x000000f393700000)]

Other Threads:
  0x00000204ab4af000 VMThread "VM Thread" [stack: 0x000000f392900000,0x000000f392a00000] [id=5780]
=>0x00000204acf95000 WatcherThread [stack: 0x000000f393700000,0x000000f393800000] [id=9380]
  0x000002048d116800 GCTaskThread "GC Thread#0" [stack: 0x000000f392400000,0x000000f392500000] [id=10808]
  0x00000204aca92800 GCTaskThread "GC Thread#1" [stack: 0x000000f393200000,0x000000f393300000] [id=15856]
  0x00000204aca01800 GCTaskThread "GC Thread#2" [stack: 0x000000f393300000,0x000000f393400000] [id=12532]
  0x000002048d147800 ConcurrentGCThread "G1 Main Marker" [stack: 0x000000f392500000,0x000000f392600000] [id=13792]
  0x000002048d14a000 ConcurrentGCThread "G1 Conc#0" [stack: 0x000000f392600000,0x000000f392700000] [id=16704]
  0x00000204ab321800 ConcurrentGCThread "G1 Refine#0" [stack: 0x000000f392700000,0x000000f392800000] [id=17196]
  0x000002048d1bb000 ConcurrentGCThread "G1 Young RemSet Sampling" [stack: 0x000000f392800000,0x000000f392900000] [id=13740]

Threads with active compile tasks:

VM state:not at safepoint (normal execution)

VM Mutex/Monitor currently owned by a thread:  ([mutex/lock_event])
[0x000002048d0fd340] PeriodicTask_lock - owner thread: 0x00000204acf95000

Heap address: 0x0000000081400000, size: 2028 MB, Compressed Oops mode: 32-bit
Narrow klass base: 0x0000000000000000, Narrow klass shift: 3
Compressed class space size: 1073741824 Address: 0x0000000100000000

Heap:
 garbage-first heap   total 131072K, used 23508K [0x0000000081400000, 0x0000000100000000)
  region size 1024K, 9 young (9216K), 2 survivors (2048K)
 Metaspace       used 13229K, capacity 13563K, committed 13824K, reserved 1060864K
  class space    used 1385K, capacity 1504K, committed 1536K, reserved 1048576K
Heap Regions: E=young(eden), S=young(survivor), O=old, HS=humongous(starts), HC=humongous(continues), CS=collection set, F=free, A=archive, TAMS=top-at-mark-start (previous, next)
|   0|0x0000000081400000, 0x0000000081500000, 0x0000000081500000|100%|HS|  |TAMS 0x0000000081400000, 0x0000000081400000| Complete 
|   1|0x0000000081500000, 0x0000000081600000, 0x0000000081600000|100%| O|  |TAMS 0x0000000081500000, 0x0000000081500000| Untracked 
|   2|0x0000000081600000, 0x0000000081700000, 0x0000000081700000|100%| O|  |TAMS 0x0000000081600000, 0x0000000081600000| Untracked 
|   3|0x0000000081700000, 0x0000000081800000, 0x0000000081800000|100%| O|  |TAMS 0x0000000081700000, 0x0000000081700000| Untracked 
|   4|0x0000000081800000, 0x0000000081900000, 0x0000000081900000|100%| O|  |TAMS 0x0000000081800000, 0x0000000081800000| Untracked 
|   5|0x0000000081900000, 0x0000000081a00000, 0x0000000081a00000|100%| O|  |TAMS 0x0000000081900000, 0x0000000081900000| Untracked 
|   6|0x0000000081a00000, 0x0000000081b00000, 0x0000000081b00000|100%| O|  |TAMS 0x0000000081a00000, 0x0000000081a00000| Untracked 
|   7|0x0000000081b00000, 0x0000000081c00000, 0x0000000081c00000|100%| O|  |TAMS 0x0000000081b00000, 0x0000000081b00000| Untracked 
|   8|0x0000000081c00000, 0x0000000081d00000, 0x0000000081d00000|100%| O|  |TAMS 0x0000000081c00000, 0x0000000081c00000| Untracked 
|   9|0x0000000081d00000, 0x0000000081e00000, 0x0000000081e00000|100%| O|  |TAMS 0x0000000081d00000, 0x0000000081d00000| Untracked 
|  10|0x0000000081e00000, 0x0000000081f00000, 0x0000000081f00000|100%| O|  |TAMS 0x0000000081e00000, 0x0000000081e00000| Untracked 
|  11|0x0000000081f00000, 0x0000000082000000, 0x0000000082000000|100%| O|  |TAMS 0x0000000081f00000, 0x0000000081f00000| Untracked 
|  12|0x0000000082000000, 0x0000000082100000, 0x0000000082100000|100%| O|  |TAMS 0x0000000082000000, 0x0000000082000000| Untracked 
|  13|0x0000000082100000, 0x0000000082200000, 0x0000000082200000|100%| O|  |TAMS 0x0000000082100000, 0x0000000082100000| Untracked 
|  14|0x0000000082200000, 0x0000000082300000, 0x0000000082300000|100%| O|  |TAMS 0x0000000082200000, 0x0000000082200000| Untracked 
|  15|0x0000000082300000, 0x00000000823f5000, 0x0000000082400000| 95%| O|  |TAMS 0x0000000082300000, 0x0000000082300000| Untracked 
|  16|0x0000000082400000, 0x0000000082400000, 0x0000000082500000|  0%| F|  |TAMS 0x0000000082400000, 0x0000000082400000| Untracked 
|  17|0x0000000082500000, 0x0000000082500000, 0x0000000082600000|  0%| F|  |TAMS 0x0000000082500000, 0x0000000082500000| Untracked 
|  18|0x0000000082600000, 0x0000000082600000, 0x0000000082700000|  0%| F|  |TAMS 0x0000000082600000, 0x0000000082600000| Untracked 
|  19|0x0000000082700000, 0x0000000082700000, 0x0000000082800000|  0%| F|  |TAMS 0x0000000082700000, 0x0000000082700000| Untracked 
|  20|0x0000000082800000, 0x0000000082800000, 0x0000000082900000|  0%| F|  |TAMS 0x0000000082800000, 0x0000000082800000| Untracked 
|  21|0x0000000082900000, 0x0000000082900000, 0x0000000082a00000|  0%| F|  |TAMS 0x0000000082900000, 0x0000000082900000| Untracked 
|  22|0x0000000082a00000, 0x0000000082a00000, 0x0000000082b00000|  0%| F|  |TAMS 0x0000000082a00000, 0x0000000082a00000| Untracked 
|  23|0x0000000082b00000, 0x0000000082b00000, 0x0000000082c00000|  0%| F|  |TAMS 0x0000000082b00000, 0x0000000082b00000| Untracked 
|  24|0x0000000082c00000, 0x0000000082c00000, 0x0000000082d00000|  0%| F|  |TAMS 0x0000000082c00000, 0x0000000082c00000| Untracked 
|  25|0x0000000082d00000, 0x0000000082d00000, 0x0000000082e00000|  0%| F|  |TAMS 0x0000000082d00000, 0x0000000082d00000| Untracked 
|  26|0x0000000082e00000, 0x0000000082e00000, 0x0000000082f00000|  0%| F|  |TAMS 0x0000000082e00000, 0x0000000082e00000| Untracked 
|  27|0x0000000082f00000, 0x0000000082f00000, 0x0000000083000000|  0%| F|  |TAMS 0x0000000082f00000, 0x0000000082f00000| Untracked 
|  28|0x0000000083000000, 0x0000000083000000, 0x0000000083100000|  0%| F|  |TAMS 0x0000000083000000, 0x0000000083000000| Untracked 
|  29|0x0000000083100000, 0x0000000083100000, 0x0000000083200000|  0%| F|  |TAMS 0x0000000083100000, 0x0000000083100000| Untracked 
|  30|0x0000000083200000, 0x0000000083200000, 0x0000000083300000|  0%| F|  |TAMS 0x0000000083200000, 0x0000000083200000| Untracked 
|  31|0x0000000083300000, 0x0000000083300000, 0x0000000083400000|  0%| F|  |TAMS 0x0000000083300000, 0x0000000083300000| Untracked 
|  32|0x0000000083400000, 0x0000000083400000, 0x0000000083500000|  0%| F|  |TAMS 0x0000000083400000, 0x0000000083400000| Untracked 
|  33|0x0000000083500000, 0x0000000083500000, 0x0000000083600000|  0%| F|  |TAMS 0x0000000083500000, 0x0000000083500000| Untracked 
|  34|0x0000000083600000, 0x0000000083600000, 0x0000000083700000|  0%| F|  |TAMS 0x0000000083600000, 0x0000000083600000| Untracked 
|  35|0x0000000083700000, 0x0000000083700000, 0x0000000083800000|  0%| F|  |TAMS 0x0000000083700000, 0x0000000083700000| Untracked 
|  36|0x0000000083800000, 0x0000000083800000, 0x0000000083900000|  0%| F|  |TAMS 0x0000000083800000, 0x0000000083800000| Untracked 
|  37|0x0000000083900000, 0x0000000083900000, 0x0000000083a00000|  0%| F|  |TAMS 0x0000000083900000, 0x0000000083900000| Untracked 
|  38|0x0000000083a00000, 0x0000000083a00000, 0x0000000083b00000|  0%| F|  |TAMS 0x0000000083a00000, 0x0000000083a00000| Untracked 
|  39|0x0000000083b00000, 0x0000000083b00000, 0x0000000083c00000|  0%| F|  |TAMS 0x0000000083b00000, 0x0000000083b00000| Untracked 
|  40|0x0000000083c00000, 0x0000000083c00000, 0x0000000083d00000|  0%| F|  |TAMS 0x0000000083c00000, 0x0000000083c00000| Untracked 
|  41|0x0000000083d00000, 0x0000000083d00000, 0x0000000083e00000|  0%| F|  |TAMS 0x0000000083d00000, 0x0000000083d00000| Untracked 
|  42|0x0000000083e00000, 0x0000000083e00000, 0x0000000083f00000|  0%| F|  |TAMS 0x0000000083e00000, 0x0000000083e00000| Untracked 
|  43|0x0000000083f00000, 0x0000000083f00000, 0x0000000084000000|  0%| F|  |TAMS 0x0000000083f00000, 0x0000000083f00000| Untracked 
|  44|0x0000000084000000, 0x0000000084000000, 0x0000000084100000|  0%| F|  |TAMS 0x0000000084000000, 0x0000000084000000| Untracked 
|  45|0x0000000084100000, 0x0000000084100000, 0x0000000084200000|  0%| F|  |TAMS 0x0000000084100000, 0x0000000084100000| Untracked 
|  46|0x0000000084200000, 0x0000000084200000, 0x0000000084300000|  0%| F|  |TAMS 0x0000000084200000, 0x0000000084200000| Untracked 
|  47|0x0000000084300000, 0x0000000084300000, 0x0000000084400000|  0%| F|  |TAMS 0x0000000084300000, 0x0000000084300000| Untracked 
|  48|0x0000000084400000, 0x0000000084400000, 0x0000000084500000|  0%| F|  |TAMS 0x0000000084400000, 0x0000000084400000| Untracked 
|  49|0x0000000084500000, 0x0000000084500000, 0x0000000084600000|  0%| F|  |TAMS 0x0000000084500000, 0x0000000084500000| Untracked 
|  50|0x0000000084600000, 0x0000000084600000, 0x0000000084700000|  0%| F|  |TAMS 0x0000000084600000, 0x0000000084600000| Untracked 
|  51|0x0000000084700000, 0x0000000084700000, 0x0000000084800000|  0%| F|  |TAMS 0x0000000084700000, 0x0000000084700000| Untracked 
|  52|0x0000000084800000, 0x0000000084800000, 0x0000000084900000|  0%| F|  |TAMS 0x0000000084800000, 0x0000000084800000| Untracked 
|  53|0x0000000084900000, 0x0000000084900000, 0x0000000084a00000|  0%| F|  |TAMS 0x0000000084900000, 0x0000000084900000| Untracked 
|  54|0x0000000084a00000, 0x0000000084a00000, 0x0000000084b00000|  0%| F|  |TAMS 0x0000000084a00000, 0x0000000084a00000| Untracked 
|  55|0x0000000084b00000, 0x0000000084b00000, 0x0000000084c00000|  0%| F|  |TAMS 0x0000000084b00000, 0x0000000084b00000| Untracked 
|  56|0x0000000084c00000, 0x0000000084c00000, 0x0000000084d00000|  0%| F|  |TAMS 0x0000000084c00000, 0x0000000084c00000| Untracked 
|  57|0x0000000084d00000, 0x0000000084d00000, 0x0000000084e00000|  0%| F|  |TAMS 0x0000000084d00000, 0x0000000084d00000| Untracked 
|  58|0x0000000084e00000, 0x0000000084e00000, 0x0000000084f00000|  0%| F|  |TAMS 0x0000000084e00000, 0x0000000084e00000| Untracked 
|  59|0x0000000084f00000, 0x0000000084f00000, 0x0000000085000000|  0%| F|  |TAMS 0x0000000084f00000, 0x0000000084f00000| Untracked 
|  60|0x0000000085000000, 0x0000000085000000, 0x0000000085100000|  0%| F|  |TAMS 0x0000000085000000, 0x0000000085000000| Untracked 
|  61|0x0000000085100000, 0x0000000085100000, 0x0000000085200000|  0%| F|  |TAMS 0x0000000085100000, 0x0000000085100000| Untracked 
|  62|0x0000000085200000, 0x0000000085200000, 0x0000000085300000|  0%| F|  |TAMS 0x0000000085200000, 0x0000000085200000| Untracked 
|  63|0x0000000085300000, 0x0000000085300000, 0x0000000085400000|  0%| F|  |TAMS 0x0000000085300000, 0x0000000085300000| Untracked 
|  64|0x0000000085400000, 0x0000000085400000, 0x0000000085500000|  0%| F|  |TAMS 0x0000000085400000, 0x0000000085400000| Untracked 
|  65|0x0000000085500000, 0x0000000085500000, 0x0000000085600000|  0%| F|  |TAMS 0x0000000085500000, 0x0000000085500000| Untracked 
|  66|0x0000000085600000, 0x0000000085600000, 0x0000000085700000|  0%| F|  |TAMS 0x0000000085600000, 0x0000000085600000| Untracked 
|  67|0x0000000085700000, 0x0000000085700000, 0x0000000085800000|  0%| F|  |TAMS 0x0000000085700000, 0x0000000085700000| Untracked 
|  68|0x0000000085800000, 0x0000000085800000, 0x0000000085900000|  0%| F|  |TAMS 0x0000000085800000, 0x0000000085800000| Untracked 
|  69|0x0000000085900000, 0x0000000085900000, 0x0000000085a00000|  0%| F|  |TAMS 0x0000000085900000, 0x0000000085900000| Untracked 
|  70|0x0000000085a00000, 0x0000000085a00000, 0x0000000085b00000|  0%| F|  |TAMS 0x0000000085a00000, 0x0000000085a00000| Untracked 
|  71|0x0000000085b00000, 0x0000000085b00000, 0x0000000085c00000|  0%| F|  |TAMS 0x0000000085b00000, 0x0000000085b00000| Untracked 
|  72|0x0000000085c00000, 0x0000000085c00000, 0x0000000085d00000|  0%| F|  |TAMS 0x0000000085c00000, 0x0000000085c00000| Untracked 
|  73|0x0000000085d00000, 0x0000000085d00000, 0x0000000085e00000|  0%| F|  |TAMS 0x0000000085d00000, 0x0000000085d00000| Untracked 
|  74|0x0000000085e00000, 0x0000000085e00000, 0x0000000085f00000|  0%| F|  |TAMS 0x0000000085e00000, 0x0000000085e00000| Untracked 
|  75|0x0000000085f00000, 0x0000000085f00000, 0x0000000086000000|  0%| F|  |TAMS 0x0000000085f00000, 0x0000000085f00000| Untracked 
|  76|0x0000000086000000, 0x0000000086000000, 0x0000000086100000|  0%| F|  |TAMS 0x0000000086000000, 0x0000000086000000| Untracked 
|  77|0x0000000086100000, 0x0000000086100000, 0x0000000086200000|  0%| F|  |TAMS 0x0000000086100000, 0x0000000086100000| Untracked 
|  78|0x0000000086200000, 0x0000000086200000, 0x0000000086300000|  0%| F|  |TAMS 0x0000000086200000, 0x0000000086200000| Untracked 
|  79|0x0000000086300000, 0x0000000086300000, 0x0000000086400000|  0%| F|  |TAMS 0x0000000086300000, 0x0000000086300000| Untracked 
|  80|0x0000000086400000, 0x0000000086400000, 0x0000000086500000|  0%| F|  |TAMS 0x0000000086400000, 0x0000000086400000| Untracked 
|  81|0x0000000086500000, 0x0000000086500000, 0x0000000086600000|  0%| F|  |TAMS 0x0000000086500000, 0x0000000086500000| Untracked 
|  82|0x0000000086600000, 0x0000000086600000, 0x0000000086700000|  0%| F|  |TAMS 0x0000000086600000, 0x0000000086600000| Untracked 
|  83|0x0000000086700000, 0x0000000086700000, 0x0000000086800000|  0%| F|  |TAMS 0x0000000086700000, 0x0000000086700000| Untracked 
|  84|0x0000000086800000, 0x0000000086800000, 0x0000000086900000|  0%| F|  |TAMS 0x0000000086800000, 0x0000000086800000| Untracked 
|  85|0x0000000086900000, 0x0000000086900000, 0x0000000086a00000|  0%| F|  |TAMS 0x0000000086900000, 0x0000000086900000| Untracked 
|  86|0x0000000086a00000, 0x0000000086a00000, 0x0000000086b00000|  0%| F|  |TAMS 0x0000000086a00000, 0x0000000086a00000| Untracked 
|  87|0x0000000086b00000, 0x0000000086b00000, 0x0000000086c00000|  0%| F|  |TAMS 0x0000000086b00000, 0x0000000086b00000| Untracked 
|  88|0x0000000086c00000, 0x0000000086c00000, 0x0000000086d00000|  0%| F|  |TAMS 0x0000000086c00000, 0x0000000086c00000| Untracked 
|  89|0x0000000086d00000, 0x0000000086d00000, 0x0000000086e00000|  0%| F|  |TAMS 0x0000000086d00000, 0x0000000086d00000| Untracked 
|  90|0x0000000086e00000, 0x0000000086e00000, 0x0000000086f00000|  0%| F|  |TAMS 0x0000000086e00000, 0x0000000086e00000| Untracked 
|  91|0x0000000086f00000, 0x0000000086f00000, 0x0000000087000000|  0%| F|  |TAMS 0x0000000086f00000, 0x0000000086f00000| Untracked 
|  92|0x0000000087000000, 0x0000000087000000, 0x0000000087100000|  0%| F|  |TAMS 0x0000000087000000, 0x0000000087000000| Untracked 
|  93|0x0000000087100000, 0x0000000087100000, 0x0000000087200000|  0%| F|  |TAMS 0x0000000087100000, 0x0000000087100000| Untracked 
|  94|0x0000000087200000, 0x0000000087200000, 0x0000000087300000|  0%| F|  |TAMS 0x0000000087200000, 0x0000000087200000| Untracked 
|  95|0x0000000087300000, 0x0000000087300000, 0x0000000087400000|  0%| F|  |TAMS 0x0000000087300000, 0x0000000087300000| Untracked 
|  96|0x0000000087400000, 0x0000000087400000, 0x0000000087500000|  0%| F|  |TAMS 0x0000000087400000, 0x0000000087400000| Untracked 
|  97|0x0000000087500000, 0x0000000087500000, 0x0000000087600000|  0%| F|  |TAMS 0x0000000087500000, 0x0000000087500000| Untracked 
|  98|0x0000000087600000, 0x0000000087600000, 0x0000000087700000|  0%| F|  |TAMS 0x0000000087600000, 0x0000000087600000| Untracked 
|  99|0x0000000087700000, 0x0000000087700000, 0x0000000087800000|  0%| F|  |TAMS 0x0000000087700000, 0x0000000087700000| Untracked 
| 100|0x0000000087800000, 0x0000000087800000, 0x0000000087900000|  0%| F|  |TAMS 0x0000000087800000, 0x0000000087800000| Untracked 
| 101|0x0000000087900000, 0x0000000087900000, 0x0000000087a00000|  0%| F|  |TAMS 0x0000000087900000, 0x0000000087900000| Untracked 
| 102|0x0000000087a00000, 0x0000000087a00000, 0x0000000087b00000|  0%| F|  |TAMS 0x0000000087a00000, 0x0000000087a00000| Untracked 
| 103|0x0000000087b00000, 0x0000000087b00000, 0x0000000087c00000|  0%| F|  |TAMS 0x0000000087b00000, 0x0000000087b00000| Untracked 
| 104|0x0000000087c00000, 0x0000000087c00000, 0x0000000087d00000|  0%| F|  |TAMS 0x0000000087c00000, 0x0000000087c00000| Untracked 
| 105|0x0000000087d00000, 0x0000000087d00000, 0x0000000087e00000|  0%| F|  |TAMS 0x0000000087d00000, 0x0000000087d00000| Untracked 
| 106|0x0000000087e00000, 0x0000000087e00000, 0x0000000087f00000|  0%| F|  |TAMS 0x0000000087e00000, 0x0000000087e00000| Untracked 
| 107|0x0000000087f00000, 0x0000000087f00000, 0x0000000088000000|  0%| F|  |TAMS 0x0000000087f00000, 0x0000000087f00000| Untracked 
| 108|0x0000000088000000, 0x0000000088000000, 0x0000000088100000|  0%| F|  |TAMS 0x0000000088000000, 0x0000000088000000| Untracked 
| 109|0x0000000088100000, 0x0000000088100000, 0x0000000088200000|  0%| F|  |TAMS 0x0000000088100000, 0x0000000088100000| Untracked 
| 110|0x0000000088200000, 0x0000000088200000, 0x0000000088300000|  0%| F|  |TAMS 0x0000000088200000, 0x0000000088200000| Untracked 
| 111|0x0000000088300000, 0x0000000088300000, 0x0000000088400000|  0%| F|  |TAMS 0x0000000088300000, 0x0000000088300000| Untracked 
| 112|0x0000000088400000, 0x0000000088400000, 0x0000000088500000|  0%| F|  |TAMS 0x0000000088400000, 0x0000000088400000| Untracked 
| 113|0x0000000088500000, 0x0000000088500000, 0x0000000088600000|  0%| F|  |TAMS 0x0000000088500000, 0x0000000088500000| Untracked 
| 114|0x0000000088600000, 0x0000000088600000, 0x0000000088700000|  0%| F|  |TAMS 0x0000000088600000, 0x0000000088600000| Untracked 
| 115|0x0000000088700000, 0x0000000088700000, 0x0000000088800000|  0%| F|  |TAMS 0x0000000088700000, 0x0000000088700000| Untracked 
| 116|0x0000000088800000, 0x0000000088800000, 0x0000000088900000|  0%| F|  |TAMS 0x0000000088800000, 0x0000000088800000| Untracked 
| 117|0x0000000088900000, 0x0000000088900000, 0x0000000088a00000|  0%| F|  |TAMS 0x0000000088900000, 0x0000000088900000| Untracked 
| 118|0x0000000088a00000, 0x0000000088b00000, 0x0000000088b00000|100%| S|CS|TAMS 0x0000000088a00000, 0x0000000088a00000| Complete 
| 119|0x0000000088b00000, 0x0000000088c00000, 0x0000000088c00000|100%| S|CS|TAMS 0x0000000088b00000, 0x0000000088b00000| Complete 
| 120|0x0000000088c00000, 0x0000000088c00000, 0x0000000088d00000|  0%| F|  |TAMS 0x0000000088c00000, 0x0000000088c00000| Untracked 
| 121|0x0000000088d00000, 0x0000000088e00000, 0x0000000088e00000|100%| E|  |TAMS 0x0000000088d00000, 0x0000000088d00000| Complete 
| 122|0x0000000088e00000, 0x0000000088f00000, 0x0000000088f00000|100%| E|CS|TAMS 0x0000000088e00000, 0x0000000088e00000| Complete 
| 123|0x0000000088f00000, 0x0000000089000000, 0x0000000089000000|100%| E|CS|TAMS 0x0000000088f00000, 0x0000000088f00000| Complete 
| 124|0x0000000089000000, 0x0000000089100000, 0x0000000089100000|100%| E|  |TAMS 0x0000000089000000, 0x0000000089000000| Complete 
| 125|0x0000000089100000, 0x0000000089200000, 0x0000000089200000|100%| E|CS|TAMS 0x0000000089100000, 0x0000000089100000| Complete 
| 126|0x0000000089200000, 0x0000000089300000, 0x0000000089300000|100%| E|CS|TAMS 0x0000000089200000, 0x0000000089200000| Complete 
| 127|0x0000000089300000, 0x0000000089400000, 0x0000000089400000|100%| E|CS|TAMS 0x0000000089300000, 0x0000000089300000| Complete 

Card table byte_map: [0x00000204a4870000,0x00000204a4c70000] _byte_map_base: 0x00000204a4466000

Marking Bits (Prev, Next): (CMBitMap*) 0x000002048d13eca8, (CMBitMap*) 0x000002048d13ece0
 Prev Bits: [0x00000204a5070000, 0x00000204a7020000)
 Next Bits: [0x00000204a7020000, 0x00000204a8fd0000)

Polling page: 0x000002048c8c0000

Metaspace:

Usage:
  Non-class:     11.78 MB capacity,    11.57 MB ( 98%) used,   182.00 KB (  2%) free+waste,    31.06 KB ( <1%) overhead. 
      Class:      1.47 MB capacity,     1.35 MB ( 92%) used,   102.55 KB (  7%) free+waste,    15.25 KB (  1%) overhead. 
       Both:     13.25 MB capacity,    12.92 MB ( 98%) used,   284.55 KB (  2%) free+waste,    46.31 KB ( <1%) overhead. 

Virtual space:
  Non-class space:       12.00 MB reserved,      12.00 MB (100%) committed 
      Class space:        1.00 GB reserved,       1.50 MB ( <1%) committed 
             Both:        1.01 GB reserved,      13.50 MB (  1%) committed 

Chunk freelists:
   Non-Class:  4.63 KB
       Class:  0 bytes
        Both:  4.63 KB

CodeHeap 'non-profiled nmethods': size=238912Kb used=1787Kb max_used=1787Kb free=237124Kb
 bounds [0x0000020495b20000, 0x0000020495d90000, 0x00000204a4470000]
CodeHeap 'non-nmethods': size=6848Kb used=1104Kb max_used=1104Kb free=5743Kb
 bounds [0x0000020495470000, 0x00000204956e0000, 0x0000020495b20000]
 total_blobs=1658 nmethods=1231 adapters=338
 compilation: enabled
              stopped_count=0, restarted_count=0
 full_count=0

Compilation events (10 events):
Event: 1.306 Thread 0x00000204ab4fb800 nmethod 1132 0x0000020495caf590 code [0x0000020495caf780, 0x0000020495cafaf0]
Event: 1.306 Thread 0x00000204ab4fb800 1131       1       java.util.zip.ZipEntry::<init> (74 bytes)
Event: 1.306 Thread 0x00000204ab4fb800 nmethod 1131 0x0000020495cafd90 code [0x0000020495caff60, 0x0000020495cb02c0]
Event: 1.306 Thread 0x00000204ab4fb800 1133       1       java.util.WeakHashMap::remove (133 bytes)
Event: 1.307 Thread 0x00000204ab4fb800 nmethod 1133 0x0000020495cb0410 code [0x0000020495cb0600, 0x0000020495cb0a70]
Event: 1.307 Thread 0x00000204ab4fb800 1134       1       java.lang.String::getChars (54 bytes)
Event: 1.307 Thread 0x00000204ab4fb800 nmethod 1134 0x0000020495cb0d10 code [0x0000020495cb0ee0, 0x0000020495cb1140]
Event: 1.307 Thread 0x00000204ab4fb800 1135       1       java.lang.StringLatin1::getChars (12 bytes)
Event: 1.307 Thread 0x00000204ab4fb800 nmethod 1135 0x0000020495cb1290 code [0x0000020495cb1440, 0x0000020495cb15d8]
Event: 1.307 Thread 0x00000204ab4fb800 1136   !   1       java.net.URL::<init> (543 bytes)

GC Heap History (4 events):
Event: 0.724 GC heap before
{Heap before GC invocations=0 (full 0):
 garbage-first heap   total 131072K, used 14336K [0x0000000081400000, 0x0000000100000000)
  region size 1024K, 14 young (14336K), 0 survivors (0K)
 Metaspace       used 6183K, capacity 6238K, committed 6528K, reserved 1056768K
  class space    used 549K, capacity 567K, committed 640K, reserved 1048576K
}
Event: 0.732 GC heap after
{Heap after GC invocations=1 (full 0):
 garbage-first heap   total 131072K, used 12051K [0x0000000081400000, 0x0000000100000000)
  region size 1024K, 2 young (2048K), 2 survivors (2048K)
 Metaspace       used 6183K, capacity 6238K, committed 6528K, reserved 1056768K
  class space    used 549K, capacity 567K, committed 640K, reserved 1048576K
}
Event: 0.898 GC heap before
{Heap before GC invocations=1 (full 0):
 garbage-first heap   total 131072K, used 19219K [0x0000000081400000, 0x0000000100000000)
  region size 1024K, 10 young (10240K), 2 survivors (2048K)
 Metaspace       used 8474K, capacity 8609K, committed 8960K, reserved 1056768K
  class space    used 845K, capacity 916K, committed 1024K, reserved 1048576K
}
Event: 0.904 GC heap after
{Heap after GC invocations=2 (full 0):
 garbage-first heap   total 131072K, used 18388K [0x0000000081400000, 0x0000000100000000)
  region size 1024K, 2 young (2048K), 2 survivors (2048K)
 Metaspace       used 8474K, capacity 8609K, committed 8960K, reserved 1056768K
  class space    used 845K, capacity 916K, committed 1024K, reserved 1048576K
}

Deoptimization events (0 events):
No events

Classes redefined (0 events):
No events

Internal exceptions (10 events):
Event: 1.004 Thread 0x000002048d0fe800 Exception <a 'java/lang/NoSuchMethodError'{0x00000000892a6740}: java.lang.invoke.DirectMethodHandle$Holder.invokeStaticInit(Ljava/lang/Object;IIII)Ljava/lang/Object;> (0x00000000892a6740) thrown at [t:/workspace/open/src/hotspot/share/interpreter/linkReso
Event: 1.200 Thread 0x000002048d0fe800 Exception <a 'java/lang/NoSuchMethodError'{0x0000000089100368}: java.lang.invoke.DirectMethodHandle$Holder.invokeStatic(Ljava/lang/Object;Ljava/lang/Object;IIII)Ljava/lang/Object;> (0x0000000089100368) thrown at [t:/workspace/open/src/hotspot/share/interp
Event: 1.200 Thread 0x000002048d0fe800 Exception <a 'java/lang/NoSuchMethodError'{0x0000000089103988}: java.lang.invoke.DirectMethodHandle$Holder.invokeStaticInit(Ljava/lang/Object;Ljava/lang/Object;IIII)Ljava/lang/Object;> (0x0000000089103988) thrown at [t:/workspace/open/src/hotspot/share/in
Event: 1.209 Thread 0x000002048d0fe800 Exception <a 'java/lang/ClassNotFoundException'{0x0000000089120ee8}: javax/management/remote/rmi/RMIServerImpl_Skel> (0x0000000089120ee8) thrown at [t:/workspace/open/src/hotspot/share/classfile/systemDictionary.cpp, line 231]
Event: 1.245 Thread 0x000002048d0fe800 Exception <a 'java/lang/ClassNotFoundException'{0x00000000891f14c8}: jdk/internal/agent/resources/spi/agentProvider> (0x00000000891f14c8) thrown at [t:/workspace/open/src/hotspot/share/classfile/systemDictionary.cpp, line 231]
Event: 1.252 Thread 0x000002048d0fe800 Exception <a 'java/lang/NoSuchMethodError'{0x0000000089046e18}: java.lang.invoke.DirectMethodHandle$Holder.invokeStatic(Ljava/lang/Object;Ljava/lang/Object;Ljava/lang/Object;Ljava/lang/Object;Ljava/lang/Object;Ljava/lang/Object;Ljava/lang/Object;Ljava/lan
Event: 1.252 Thread 0x000002048d0fe800 Exception <a 'java/lang/NoSuchMethodError'{0x0000000089053a30}: java.lang.invoke.DirectMethodHandle$Holder.invokeStatic(Ljava/lang/Object;Ljava/lang/Object;Ljava/lang/Object;Ljava/lang/Object;Ljava/lang/Object;Ljava/lang/Object;Ljava/lang/Object;Ljava/lan
Event: 1.254 Thread 0x000002048d0fe800 Exception <a 'java/lang/NoSuchMethodError'{0x000000008906d6b8}: java.lang.invoke.DelegatingMethodHandle$Holder.reinvoke_L(Ljava/lang/Object;ILjava/lang/Object;)Ljava/lang/Object;> (0x000000008906d6b8) thrown at [t:/workspace/open/src/hotspot/share/interpr
Event: 1.290 Thread 0x000002048d0fe800 Exception <a 'java/lang/ClassNotFoundException'{0x0000000088e38340}: javax/smartcardio/CardPermission> (0x0000000088e38340) thrown at [t:/workspace/open/src/hotspot/share/classfile/systemDictionary.cpp, line 231]
Event: 1.292 Thread 0x000002048d0fe800 Exception <a 'java/io/FileNotFoundException'{0x0000000088e46648}> (0x0000000088e46648) thrown at [t:/workspace/open/src/hotspot/share/prims/jni.cpp, line 615]

Events (10 events):
Event: 1.306 loading class ch/qos/logback/core/joran/spi/ConsoleTarget$2
Event: 1.306 loading class ch/qos/logback/core/joran/spi/ConsoleTarget$2 done
Event: 1.306 loading class ch/qos/logback/core/encoder/LayoutWrappingEncoder
Event: 1.306 loading class ch/qos/logback/core/encoder/LayoutWrappingEncoder done
Event: 1.307 loading class ch/qos/logback/core/encoder/EncoderBase
Event: 1.307 loading class ch/qos/logback/core/encoder/EncoderBase done
Event: 1.307 loading class ch/qos/logback/core/encoder/Encoder
Event: 1.307 loading class ch/qos/logback/core/encoder/Encoder done
Event: 1.307 loading class ch/qos/logback/classic/layout/TTLLLayout
Event: 1.307 loading class ch/qos/logback/classic/layout/TTLLLayout done


Dynamic libraries:
0x00007ff614cb0000 - 0x00007ff614cf7000 	C:\Program Files\Java\jdk-11.0.6\bin\javaw.exe
0x00007ffc1c800000 - 0x00007ffc1c9f0000 	C:\WINDOWS\SYSTEM32\ntdll.dll
0x00007ffc1bf20000 - 0x00007ffc1bfd2000 	C:\WINDOWS\System32\KERNEL32.DLL
0x00007ffc199e0000 - 0x00007ffc19c83000 	C:\WINDOWS\System32\KERNELBASE.dll
0x00007ffc1b190000 - 0x00007ffc1b233000 	C:\WINDOWS\System32\ADVAPI32.dll
0x00007ffc1b0a0000 - 0x00007ffc1b13e000 	C:\WINDOWS\System32\msvcrt.dll
0x00007ffc1c100000 - 0x00007ffc1c197000 	C:\WINDOWS\System32\sechost.dll
0x00007ffc1bfe0000 - 0x00007ffc1c100000 	C:\WINDOWS\System32\RPCRT4.dll
0x00007ffc1b240000 - 0x00007ffc1b3d4000 	C:\WINDOWS\System32\USER32.dll
0x00007ffc1a110000 - 0x00007ffc1a131000 	C:\WINDOWS\System32\win32u.dll
0x00007ffc1ace0000 - 0x00007ffc1ad06000 	C:\WINDOWS\System32\GDI32.dll
0x00007ffc19f70000 - 0x00007ffc1a104000 	C:\WINDOWS\System32\gdi32full.dll
0x00007ffc19870000 - 0x00007ffc1990e000 	C:\WINDOWS\System32\msvcp_win.dll
0x00007ffc19e70000 - 0x00007ffc19f6a000 	C:\WINDOWS\System32\ucrtbase.dll
0x00007ffc09f30000 - 0x00007ffc0a1b5000 	C:\WINDOWS\WinSxS\amd64_microsoft.windows.common-controls_6595b64144ccf1df_6.0.18362.778_none_e6c6b761130d4fb8\COMCTL32.dll
0x00007ffc10750000 - 0x00007ffc1075a000 	C:\WINDOWS\SYSTEM32\VERSION.dll
0x00007ffc1bbe0000 - 0x00007ffc1bf16000 	C:\WINDOWS\System32\combase.dll
0x00007ffc1a910000 - 0x00007ffc1a990000 	C:\WINDOWS\System32\bcryptPrimitives.dll
0x00007ffc1b140000 - 0x00007ffc1b16e000 	C:\WINDOWS\System32\IMM32.DLL
0x00007ffc11350000 - 0x00007ffc11366000 	C:\Program Files\Java\jdk-11.0.6\bin\vcruntime140.dll
0x00007ffbf4d60000 - 0x00007ffbf4e0a000 	C:\Program Files\Java\jdk-11.0.6\bin\msvcp140.dll
0x00007ffbc49d0000 - 0x00007ffbc54f9000 	C:\Program Files\Java\jdk-11.0.6\bin\server\jvm.dll
0x00007ffc1a990000 - 0x00007ffc1a998000 	C:\WINDOWS\System32\PSAPI.DLL
0x00007ffc15530000 - 0x00007ffc15539000 	C:\WINDOWS\SYSTEM32\WSOCK32.dll
0x00007ffc1abc0000 - 0x00007ffc1ac2f000 	C:\WINDOWS\System32\WS2_32.dll
0x00007ffc0e8f0000 - 0x00007ffc0e914000 	C:\WINDOWS\SYSTEM32\WINMM.dll
0x00007ffc0e8c0000 - 0x00007ffc0e8ed000 	C:\WINDOWS\SYSTEM32\winmmbase.dll
0x00007ffc1a8c0000 - 0x00007ffc1a90a000 	C:\WINDOWS\System32\cfgmgr32.dll
0x00007ffc19800000 - 0x00007ffc19811000 	C:\WINDOWS\System32\kernel.appcore.dll
0x00007ffc00270000 - 0x00007ffc00281000 	C:\Program Files\Java\jdk-11.0.6\bin\verify.dll
0x00007ffc129a0000 - 0x00007ffc12b94000 	C:\WINDOWS\SYSTEM32\DBGHELP.DLL
0x00007ffc12970000 - 0x00007ffc1299a000 	C:\WINDOWS\SYSTEM32\dbgcore.DLL
0x00007ffbf87c0000 - 0x00007ffbf87e9000 	C:\Program Files\Java\jdk-11.0.6\bin\java.dll
0x00007ffbfbbe0000 - 0x00007ffbfbbf6000 	C:\Program Files\Java\jdk-11.0.6\bin\zip.dll
0x00007ffc10dc0000 - 0x00007ffc10dca000 	C:\Program Files\Java\jdk-11.0.6\bin\jimage.dll
0x00007ffc1b440000 - 0x00007ffc1bb25000 	C:\WINDOWS\System32\SHELL32.dll
0x00007ffc1bb30000 - 0x00007ffc1bbd9000 	C:\WINDOWS\System32\shcore.dll
0x00007ffc1a140000 - 0x00007ffc1a8c0000 	C:\WINDOWS\System32\windows.storage.dll
0x00007ffc197d0000 - 0x00007ffc197f3000 	C:\WINDOWS\System32\profapi.dll
0x00007ffc19820000 - 0x00007ffc1986a000 	C:\WINDOWS\System32\powrprof.dll
0x00007ffc197a0000 - 0x00007ffc197b0000 	C:\WINDOWS\System32\UMPDC.dll
0x00007ffc1b3e0000 - 0x00007ffc1b432000 	C:\WINDOWS\System32\shlwapi.dll
0x00007ffc19910000 - 0x00007ffc19927000 	C:\WINDOWS\System32\cryptsp.dll
0x00007ffbf8fd0000 - 0x00007ffbf8fe9000 	C:\Program Files\Java\jdk-11.0.6\bin\net.dll
0x00007ffc16110000 - 0x00007ffc16200000 	C:\WINDOWS\SYSTEM32\WINHTTP.dll
0x00007ffc19010000 - 0x00007ffc19077000 	C:\WINDOWS\system32\mswsock.dll
0x00007ffbf8710000 - 0x00007ffbf8723000 	C:\Program Files\Java\jdk-11.0.6\bin\nio.dll
0x00007ffc17870000 - 0x00007ffc17879000 	C:\Program Files\Java\jdk-11.0.6\bin\management.dll
0x00007ffc15cf0000 - 0x00007ffc15cfc000 	C:\Program Files\Java\jdk-11.0.6\bin\management_ext.dll
0x00007ffc01e70000 - 0x00007ffc01e86000 	C:\WINDOWS\system32\napinsp.dll
0x00007ffc00890000 - 0x00007ffc008aa000 	C:\WINDOWS\system32\pnrpnsp.dll
0x00007ffc18d60000 - 0x00007ffc18e2a000 	C:\WINDOWS\SYSTEM32\DNSAPI.dll
0x00007ffc1aba0000 - 0x00007ffc1aba8000 	C:\WINDOWS\System32\NSI.dll
0x00007ffc18d20000 - 0x00007ffc18d5a000 	C:\WINDOWS\SYSTEM32\IPHLPAPI.DLL
0x00007ffc10d00000 - 0x00007ffc10d0e000 	C:\WINDOWS\System32\winrnr.dll
0x00007ffc14e30000 - 0x00007ffc14e4c000 	C:\WINDOWS\system32\NLAapi.dll
0x00007ffc15cd0000 - 0x00007ffc15ce5000 	C:\WINDOWS\system32\wshbth.dll
0x00007ffc11290000 - 0x00007ffc1129a000 	C:\Windows\System32\rasadhlp.dll
0x00007ffc13870000 - 0x00007ffc138e7000 	C:\WINDOWS\System32\fwpuclnt.dll
0x00007ffc19e40000 - 0x00007ffc19e66000 	C:\WINDOWS\System32\bcrypt.dll
0x00007ffc18b80000 - 0x00007ffc18bb3000 	C:\WINDOWS\system32\rsaenh.dll
0x00007ffc196c0000 - 0x00007ffc196e5000 	C:\WINDOWS\SYSTEM32\USERENV.dll
0x00007ffc191e0000 - 0x00007ffc191ec000 	C:\WINDOWS\SYSTEM32\CRYPTBASE.dll
0x00007ffc13c80000 - 0x00007ffc13c96000 	C:\WINDOWS\SYSTEM32\dhcpcsvc6.DLL
0x00007ffc13dd0000 - 0x00007ffc13dec000 	C:\WINDOWS\SYSTEM32\dhcpcsvc.DLL

dbghelp: loaded successfully - version: 4.0.5 - missing functions: none
symbol engine: initialized successfully - sym options: 0x614 - pdb path: .;C:\Program Files\Java\jdk-11.0.6\bin;C:\WINDOWS\SYSTEM32;C:\WINDOWS\WinSxS\amd64_microsoft.windows.common-controls_6595b64144ccf1df_6.0.18362.778_none_e6c6b761130d4fb8;C:\Program Files\Java\jdk-11.0.6\bin\server

VM Arguments:
jvm_args: -Dcom.sun.management.jmxremote -Dcom.sun.management.jmxremote.port=61611 -Dcom.sun.management.jmxremote.authenticate=false -Dcom.sun.management.jmxremote.ssl=false -Djava.rmi.server.hostname=localhost -Dspring.jmx.enabled=true -Dspring.application.admin.enabled=true -Xverify:none -XX:TieredStopAtLevel=1 -Dspring.boot.project.name=cursomc -Dfile.encoding=UTF-8 
java_command: com.ferrari.cursomc.CursomcApplication --spring.output.ansi.enabled=always
java_class_path (initial): C:\Users\ferra\Google Drive\Dados\Java\ws-sts\cursomc\target\classes;C:\Users\ferra\.m2\repository\org\springframework\boot\spring-boot-starter-web\2.2.6.RELEASE\spring-boot-starter-web-2.2.6.RELEASE.jar;C:\Users\ferra\.m2\repository\org\springframework\boot\spring-boot-starter\2.2.6.RELEASE\spring-boot-starter-2.2.6.RELEASE.jar;C:\Users\ferra\.m2\repository\org\springframework\boot\spring-boot-starter-logging\2.2.6.RELEASE\spring-boot-starter-logging-2.2.6.RELEASE.jar;C:\Users\ferra\.m2\repository\ch\qos\logback\logback-classic\1.2.3\logback-classic-1.2.3.jar;C:\Users\ferra\.m2\repository\ch\qos\logback\logback-core\1.2.3\logback-core-1.2.3.jar;C:\Users\ferra\.m2\repository\org\apache\logging\log4j\log4j-to-slf4j\2.12.1\log4j-to-slf4j-2.12.1.jar;C:\Users\ferra\.m2\repository\org\apache\logging\log4j\log4j-api\2.12.1\log4j-api-2.12.1.jar;C:\Users\ferra\.m2\repository\org\slf4j\jul-to-slf4j\1.7.30\jul-to-slf4j-1.7.30.jar;C:\Users\ferra\.m2\repository\jakarta\annotation\jakarta.annotation-api\1.3.5\jakarta.annotation-api-1.3.5.jar;C:\Users\ferra\.m2\repository\org\yaml\snakeyaml\1.25\snakeyaml-1.25.jar;C:\Users\ferra\.m2\repository\org\springframework\boot\spring-boot-starter-json\2.2.6.RELEASE\spring-boot-starter-json-2.2.6.RELEASE.jar;C:\Users\ferra\.m2\repository\com\fasterxml\jackson\datatype\jackson-datatype-jdk8\2.10.3\jackson-datatype-jdk8-2.10.3.jar;C:\Users\ferra\.m2\repository\com\fasterxml\jackson\datatype\jackson-datatype-jsr310\2.10.3\jackson-datatype-jsr310-2.10.3.jar;C:\Users\ferra\.m2\repository\com\fasterxml\jackson\module\jackson-module-parameter-names\2.10.3\jackson-module-parameter-names-2.10.3.jar;C:\Users\ferra\.m2\repository\org\springframework\boot\spring-boot-starter-tomcat\2.2.6.RELEASE\spring-boot-starter-tomcat-2.2.6.RELEASE.jar;C:\Users\ferra\.m2\repository\org\apache\tomcat\embed\tomcat-embed-core\9.0.33\tomcat-embed-core-9.0.33.jar;C:\Users\ferra\.m2\repository\org\apache\tomcat\embed\tomcat-embed-el\9.0.33\t
Launcher Type: SUN_STANDARD

[Global flags]
     bool BytecodeVerificationLocal                = false                                     {product} {command line}
     bool BytecodeVerificationRemote               = false                                     {product} {command line}
     intx CICompilerCount                          = 3                                         {product} {ergonomic}
     uint ConcGCThreads                            = 1                                         {product} {ergonomic}
     uint G1ConcRefinementThreads                  = 4                                         {product} {ergonomic}
   size_t G1HeapRegionSize                         = 1048576                                   {product} {ergonomic}
    uintx GCDrainStackTargetSize                   = 64                                        {product} {ergonomic}
   size_t InitialHeapSize                          = 134217728                                 {product} {ergonomic}
     bool ManagementServer                         = true                                      {product} {command line}
   size_t MarkStackSize                            = 4194304                                   {product} {ergonomic}
   size_t MaxHeapSize                              = 2126512128                                {product} {ergonomic}
   size_t MaxNewSize                               = 1275068416                                {product} {ergonomic}
   size_t MinHeapDeltaBytes                        = 1048576                                   {product} {ergonomic}
    uintx NonNMethodCodeHeapSize                   = 6973028                                {pd product} {ergonomic}
    uintx NonProfiledCodeHeapSize                  = 244685212                              {pd product} {ergonomic}
    uintx ProfiledCodeHeapSize                     = 0                                      {pd product} {ergonomic}
    uintx ReservedCodeCacheSize                    = 251658240                              {pd product} {ergonomic}
     bool SegmentedCodeCache                       = true                                      {product} {ergonomic}
     intx TieredStopAtLevel                        = 1                                         {product} {command line}
     bool UseCompressedClassPointers               = true                                 {lp64_product} {ergonomic}
     bool UseCompressedOops                        = true                                 {lp64_product} {ergonomic}
     bool UseG1GC                                  = true                                      {product} {ergonomic}
     bool UseLargePagesIndividualAllocation        = false                                  {pd product} {ergonomic}

Logging:
Log output configuration:
 #0: stdout all=warning uptime,level,tags
 #1: stderr all=off uptime,level,tags

Environment Variables:
JAVA_HOME=C:\Program Files\Java\jdk-11.0.6
PATH=C:/Program Files/Java/jdk-11.0.6/bin/server;C:/Program Files/Java/jdk-11.0.6/bin;C:\WINDOWS\system32;C:\WINDOWS;C:\WINDOWS\System32\Wbem;C:\WINDOWS\System32\WindowsPowerShell\v1.0\;C:\WINDOWS\System32\OpenSSH\;C:\Program Files\Java\jdk-11.0.6\bin;C:\Program Files\Git\cmd;C:\Program Files\MongoDB\Server\4.2\bin;C:\xampp\mysql\bin;C:\Program Files\MySQL\MySQL Shell 8.0\bin\;C:\Users\ferra\AppData\Local\Microsoft\WindowsApps;C:\Program Files\heroku\bin;C:\sts-4.6.0.RELEASE;
USERNAME=ferra
OS=Windows_NT
PROCESSOR_IDENTIFIER=Intel64 Family 6 Model 69 Stepping 1, GenuineIntel



---------------  S Y S T E M  ---------------

OS: Windows 10 , 64 bit Build 18362 (10.0.18362.778)

CPU:total 4 (initial active 4) (2 cores per cpu, 2 threads per core) family 6 model 69 stepping 1, cmov, cx8, fxsr, mmx, sse, sse2, sse3, ssse3, sse4.1, sse4.2, popcnt, avx, avx2, aes, clmul, erms, lzcnt, ht, tsc, tscinvbit, bmi1, bmi2, fma

Memory: 4k page, system-wide physical 8107M (2837M free)
TotalPageFile size 12215M (AvailPageFile size 5026M)
current process WorkingSet (physical memory assigned to process): 80M, peak: 80M
current process commit charge ("private bytes"): 217M, peak: 217M

vm_info: Java HotSpot(TM) 64-Bit Server VM (11.0.6+8-LTS) for windows-amd64 JRE (11.0.6+8-LTS), built on Dec 11 2019 09:17:57 by "mach5one" with MS VC++ 15.5 (VS2017)

END.
